<?xml version="1.0" encoding="UTF-8"?>
<!-- Generated by org.testng.reporters.JUnitReportReporter -->
<testsuite hostname="DESKTOP-SFLKA93" failures="0" tests="1" name="testCases.TC_002_LoginTest" time="4.155" errors="0" timestamp="2025-01-12T12:37:17 IST" skipped="0">
  <testcase classname="testCases.TC_002_LoginTest" name="verify_Login" time="4.155"/>
</testsuite> <!-- testCases.TC_002_LoginTest -->
